Determining if the pthread_create exist failed with the following output:
Change Dir: /home/ruben/Projects/FluidSimulation/build/CMakeFiles/CMakeTmp

Run Build Command:"/usr/bin/make" "cmTC_9fdab/fast"
/usr/bin/make -f CMakeFiles/cmTC_9fdab.dir/build.make CMakeFiles/cmTC_9fdab.dir/build
make[1]: Entering directory '/home/ruben/Projects/FluidSimulation/build/CMakeFiles/CMakeTmp'
Building C object CMakeFiles/cmTC_9fdab.dir/CheckSymbolExists.c.o
/usr/bin/cc    -o CMakeFiles/cmTC_9fdab.dir/CheckSymbolExists.c.o   -c /home/ruben/Projects/FluidSimulation/build/CMakeFiles/CMakeTmp/CheckSymbolExists.c
Linking C executable cmTC_9fdab
/usr/bin/cmake -E cmake_link_script CMakeFiles/cmTC_9fdab.dir/link.txt --verbose=1
/usr/bin/cc      -rdynamic CMakeFiles/cmTC_9fdab.dir/CheckSymbolExists.c.o  -o cmTC_9fdab 
/usr/bin/ld: CMakeFiles/cmTC_9fdab.dir/CheckSymbolExists.c.o: in function `main':
CheckSymbolExists.c:(.text+0x1f): undefined reference to `pthread_create'
collect2: error: ld returned 1 exit status
make[1]: *** [CMakeFiles/cmTC_9fdab.dir/build.make:87: cmTC_9fdab] Error 1
make[1]: Leaving directory '/home/ruben/Projects/FluidSimulation/build/CMakeFiles/CMakeTmp'
make: *** [Makefile:121: cmTC_9fdab/fast] Error 2

File /home/ruben/Projects/FluidSimulation/build/CMakeFiles/CMakeTmp/CheckSymbolExists.c:
/* */
#include <pthread.h>

int main(int argc, char** argv)
{
  (void)argv;
#ifndef pthread_create
  return ((int*)(&pthread_create))[argc];
#else
  (void)argc;
  return 0;
#endif
}

Determining if the function pthread_create exists in the pthreads failed with the following output:
Change Dir: /home/ruben/Projects/FluidSimulation/build/CMakeFiles/CMakeTmp

Run Build Command:"/usr/bin/make" "cmTC_33f5a/fast"
/usr/bin/make -f CMakeFiles/cmTC_33f5a.dir/build.make CMakeFiles/cmTC_33f5a.dir/build
make[1]: Entering directory '/home/ruben/Projects/FluidSimulation/build/CMakeFiles/CMakeTmp'
Building C object CMakeFiles/cmTC_33f5a.dir/CheckFunctionExists.c.o
/usr/bin/cc   -DCHECK_FUNCTION_EXISTS=pthread_create   -o CMakeFiles/cmTC_33f5a.dir/CheckFunctionExists.c.o   -c /usr/share/cmake-3.13/Modules/CheckFunctionExists.c
Linking C executable cmTC_33f5a
/usr/bin/cmake -E cmake_link_script CMakeFiles/cmTC_33f5a.dir/link.txt --verbose=1
/usr/bin/cc  -DCHECK_FUNCTION_EXISTS=pthread_create    -rdynamic CMakeFiles/cmTC_33f5a.dir/CheckFunctionExists.c.o  -o cmTC_33f5a -lpthreads 
/usr/bin/ld: cannot find -lpthreads
collect2: error: ld returned 1 exit status
make[1]: *** [CMakeFiles/cmTC_33f5a.dir/build.make:87: cmTC_33f5a] Error 1
make[1]: Leaving directory '/home/ruben/Projects/FluidSimulation/build/CMakeFiles/CMakeTmp'
make: *** [Makefile:121: cmTC_33f5a/fast] Error 2


